0 info it worked if it ends with ok
1 verbose cli [ 'D:\\Program Files\\nodejs\\node.exe',
1 verbose cli   'D:\\Program Files\\nodejs\\node_modules\\npm\\bin\\npm-cli.js',
1 verbose cli   'run',
1 verbose cli   'scripts' ]
2 info using npm@3.6.0
3 info using node@v5.7.1
4 verbose run-script [ 'prescripts', 'scripts', 'postscripts' ]
5 info lifecycle lesson1@1.0.0~prescripts: lesson1@1.0.0
6 silly lifecycle lesson1@1.0.0~prescripts: no script for prescripts, continuing
7 info lifecycle lesson1@1.0.0~scripts: lesson1@1.0.0
8 verbose lifecycle lesson1@1.0.0~scripts: unsafe-perm in lifecycle true
9 verbose lifecycle lesson1@1.0.0~scripts: PATH: D:\Program Files\nodejs\node_modules\npm\bin\node-gyp-bin;H:\github\learn\redux\lesson1\node_modules\.bin;C:\Users\xiaohu\bin;D:\Program Files\Git\mingw64\bin;D:\Program Files\Git\usr\local\bin;D:\Program Files\Git\usr\bin;D:\Program Files\Git\usr\bin;D:\Program Files\Git\mingw64\bin;D:\Program Files\Git\usr\bin;C:\Users\xiaohu\bin;C:\ProgramData\Oracle\Java\javapath;C:\WINDOWS\system32;C:\WINDOWS;C:\WINDOWS\System32\Wbem;C:\WINDOWS\System32\WindowsPowerShell\v1.0;D:\Program Files\Java\jdk1.8.0_77\bin;D:\Program Files\Java\jdk1.8.0_77\jre\bin;D:\Program Files\Git\cmd;C:\Program Files\TortoiseSVN\bin;C:\Program Files\MongoDB\Server\3.0\bin;D:\Program Files\nodejs;C:\Users\xiaohu\AppData\Roaming\npm;D:\Program Files\Git\usr\bin\vendor_perl;D:\Program Files\Git\usr\bin\core_perl
10 verbose lifecycle lesson1@1.0.0~scripts: CWD: H:\github\learn\redux\lesson1
11 silly lifecycle lesson1@1.0.0~scripts: Args: [ '/d /s /c', 'babel src -d lib' ]
12 silly lifecycle lesson1@1.0.0~scripts: Returned: code: 1  signal: null
13 info lifecycle lesson1@1.0.0~scripts: Failed to exec scripts script
14 verbose stack Error: lesson1@1.0.0 scripts: `babel src -d lib`
14 verbose stack Exit status 1
14 verbose stack     at EventEmitter.<anonymous> (D:\Program Files\nodejs\node_modules\npm\lib\utils\lifecycle.js:232:16)
14 verbose stack     at emitTwo (events.js:100:13)
14 verbose stack     at EventEmitter.emit (events.js:185:7)
14 verbose stack     at ChildProcess.<anonymous> (D:\Program Files\nodejs\node_modules\npm\lib\utils\spawn.js:24:14)
14 verbose stack     at emitTwo (events.js:100:13)
14 verbose stack     at ChildProcess.emit (events.js:185:7)
14 verbose stack     at maybeClose (internal/child_process.js:827:16)
14 verbose stack     at Process.ChildProcess._handle.onexit (internal/child_process.js:211:5)
15 verbose pkgid lesson1@1.0.0
16 verbose cwd H:\github\learn\redux\lesson1
17 error Windows_NT 10.0.10586
18 error argv "D:\\Program Files\\nodejs\\node.exe" "D:\\Program Files\\nodejs\\node_modules\\npm\\bin\\npm-cli.js" "run" "scripts"
19 error node v5.7.1
20 error npm  v3.6.0
21 error code ELIFECYCLE
22 error lesson1@1.0.0 scripts: `babel src -d lib`
22 error Exit status 1
23 error Failed at the lesson1@1.0.0 scripts script 'babel src -d lib'.
23 error Make sure you have the latest version of node.js and npm installed.
23 error If you do, this is most likely a problem with the lesson1 package,
23 error not with npm itself.
23 error Tell the author that this fails on your system:
23 error     babel src -d lib
23 error You can get information on how to open an issue for this project with:
23 error     npm bugs lesson1
23 error Or if that isn't available, you can get their info via:
23 error     npm owner ls lesson1
23 error There is likely additional logging output above.
24 verbose exit [ 1, true ]
